nohup: ignoring input
soxs : [WARNING  ] 2026-07-01 07:55:09,478 Setting 'soxs_data_dir' to /home/comparat/.cache/soxs for this session. Please update your configuration if you want it somewhere else.
Building APEC cooling table (takes ~10 s) ...
  APEC table ready.
[S1] grid ready, n_pts=31

Full-APEC anchor on S1: c_total=9.206e-07 (best shape p2/r_max/beta=(0.6, 5.0, 2.1), unconstrained chi2=43.1); density-only B._c_total=5.533e-08

Joint MAP over 1 samples, 31 data points, 5 shared params ...
  start [-4.31  0.9   2.    3.   -2.  ] -> chi2=552.2
  start [-4.01  0.6   1.5   3.5  -1.5 ] -> chi2=6090.9
  start [-4.61  1.6   2.4   3.   -2.5 ] -> chi2=91.6
  start [-4.31  1.2   3.    5.   -1.  ] -> chi2=2000000000000000039769249677312.0
  start [-3.81  0.4   1.5   2.5  -2.  ] -> chi2=2000000000000000039769249677312.0

=== JOINT MAP ===
  log10_ne_03    = -4.7829
  beta_gas       = +2.0722
  p2             = +1.2925
  r_max          = +5.0000
  log10DC        = -1.7835
  density_norm   = 0.338
  chi2/dof       = 91.6/26 = 3.524
    S1: chi2=91.6 (31 pts)

Saved -> /home/comparat/data/hod_mod_results/xray_joint/joint_map_S1.json

MCMC: 64 walkers × 8000 steps (S1) ...
MCMC done in 44s; mean acceptance=0.15
Posterior (median +hi -lo):
  log10_ne_03  = -3.900 +0.203 -0.250
  beta_gas     = 1.901 +0.132 -0.139
  p2           = 0.219 +0.229 -0.079
  r_max        = 3.999 +0.687 -0.702
  log10DC      = -1.882 +0.023 -0.019
Saved MCMC chain/summary/figures -> /home/comparat/data/hod_mod_results/xray_joint
