nohup: ignoring input
soxs : [WARNING  ] 2026-07-01 07:55:09,516 Setting 'soxs_data_dir' to /home/comparat/.cache/soxs for this session. Please update your configuration if you want it somewhere else.
Building APEC cooling table (takes ~10 s) ...
  APEC table ready.
[S3] grid ready, n_pts=31

Full-APEC anchor on S3: c_total=1.241e-06 (best shape p2/r_max/beta=(0.6, 5.0, 2.1), unconstrained chi2=43.0); density-only B._c_total=5.075e-08

Joint MAP over 1 samples, 31 data points, 5 shared params ...
  start [-4.31  0.9   2.    3.   -2.  ] -> chi2=920.8
  start [-4.01  0.6   1.5   3.5  -1.5 ] -> chi2=6185.4
  start [-4.61  1.6   2.4   3.   -2.5 ] -> chi2=141.6
  start [-4.31  1.2   3.    5.   -1.  ] -> chi2=2000000000000000039769249677312.0
  start [-3.81  0.4   1.5   2.5  -2.  ] -> chi2=2000000000000000039769249677312.0

=== JOINT MAP ===
  log10_ne_03    = -4.4199
  beta_gas       = +1.5918
  p2             = +1.4680
  r_max          = +5.0000
  log10DC        = -1.4218
  density_norm   = 0.781
  chi2/dof       = 141.6/26 = 5.447
    S3: chi2=141.6 (31 pts)

Saved -> /home/comparat/data/hod_mod_results/xray_joint/joint_map_S3.json

MCMC: 64 walkers × 8000 steps (S3) ...
MCMC done in 47s; mean acceptance=0.12
Posterior (median +hi -lo):
  log10_ne_03  = -3.745 +0.177 -0.276
  beta_gas     = 1.650 +0.130 -0.069
  p2           = 0.244 +0.222 -0.075
  r_max        = 3.965 +0.698 -0.658
  log10DC      = -1.556 +0.022 -0.019
Saved MCMC chain/summary/figures -> /home/comparat/data/hod_mod_results/xray_joint
